<?xml version="1.0" encoding="UTF-8"?>
<!-- Generated by org.testng.reporters.JUnitXMLReporter -->
<testsuite ignored="0" hostname="Liozs-iMac" failures="1" tests="6" name="Web Tests" time="26.697" errors="0" timestamp="2021-04-03T22:22:18 IDT">
  <testcase classname="sanity.SwagLabsWebProducts" name="test04_verifyNumberOfItems" time="0.146"/>
  <testcase classname="sanity.SwagLabsWebProducts" name="test05_verifyAddedItem" time="0.225"/>
  <testcase classname="sanity.SwagLabsWebProducts" name="test06_VerifyChangeSort" time="0.268"/>
  <testcase classname="sanity.SwagLabsWebProducts" name="test06_VerifyPricesAndCompleteOrder" time="1.986"/>
  <testcase classname="sanity.SwagLabsWebProducts" name="test07_VerifyNumberOfMenuItems" time="0.774"/>
  <testcase classname="sanity.SwagLabsWebProducts" name="test07_VerifyWebLogo" time="16.325">
    <failure type="java.lang.AssertionError" message="Error comparing image file: FindFailed: /Users/liozelinger/Documents/Final project/ImageRepository/SwagLabsLogo.png: (210x44) in R[0,0 2048x1152]@S(0)
  Line 2287, in file Region.java
">
      <![CDATA[java.lang.AssertionError: Error comparing image file: FindFailed: /Users/liozelinger/Documents/Final project/ImageRepository/SwagLabsLogo.png: (210x44) in R[0,0 2048x1152]@S(0)
  Line 2287, in file Region.java

at extensions.Verifications.visualElement(Verifications.java:66)
at sanity.SwagLabsWebProducts.test07_VerifyWebLogo(SwagLabsWebProducts.java:69)
at java.base/java.util.ArrayList.forEach(ArrayList.java:1511)
... Removed 32 stack frames]]>
    </failure>
  </testcase> <!-- test07_VerifyWebLogo -->
</testsuite> <!-- Web Tests -->
