<?xml version="1.0" encoding="UTF-8"?>
<testsuite xmlns:xsi="http://www.w3.org/2001/XMLSchema-instance" xsi:noNamespaceSchemaLocation="https://maven.apache.org/surefire/maven-surefire-plugin/xsd/surefire-test-report.xsd" name="TestSuite" time="27.858" tests="6" errors="0" skipped="0" failures="1">
  <properties>
[...]
</properties>
  <testcase name="test04_verifyNumberOfItems" classname="sanity.SwagLabsWebProducts" time="0.114"/>
  <testcase name="test05_verifyAddedItem" classname="sanity.SwagLabsWebProducts" time="0.275"/>
  <testcase name="test06_VerifyChangeSort" classname="sanity.SwagLabsWebProducts" time="0.271"/>
  <testcase name="test06_VerifyPricesAndCompleteOrder" classname="sanity.SwagLabsWebProducts" time="1.987"/>
  <testcase name="test07_VerifyNumberOfMenuItems" classname="sanity.SwagLabsWebProducts" time="0.77"/>
  <testcase name="test07_VerifyWebLogo" classname="sanity.SwagLabsWebProducts" time="16.362">
    <failure message="Error comparing image file: FindFailed: /Users/liozelinger/Documents/Final project/ImageRepository/SwagLabsLogo.png: (210x44) in R[0,0 2048x1152]@S(0)&#10;  Line 2287, in file Region.java&#10;" type="java.lang.AssertionError">java.lang.AssertionError: 
Error comparing image file: FindFailed: /Users/liozelinger/Documents/Final project/ImageRepository/SwagLabsLogo.png: (210x44) in R[0,0 2048x1152]@S(0)
  Line 2287, in file Region.java

	at sanity.SwagLabsWebProducts.test07_VerifyWebLogo(SwagLabsWebProducts.java:69)
</failure>
    <system-out><![CDATA[file is now created
Error comparing image file: FindFailed: /Users/liozelinger/Documents/Final project/ImageRepository/SwagLabsLogo.png: (210x44) in R[0,0 2048x1152]@S(0)
  Line 2287, in file Region.java

]]></system-out>
  </testcase>
</testsuite>